{"level":"info","message":"Server is running on http://localhost:3001","timestamp":"2025-07-29T21:47:37.797Z"}
{"message":"⚠️ MinIO not available:","stack":"AggregateError\n    at internalConnectMultiple (node:net:1139:18)\n    at afterConnectMultiple (node:net:1712:7)","errors":[{"errno":-61,"code":"ECONNREFUSED","syscall":"connect","address":"::1","port":9000},{"errno":-61,"code":"ECONNREFUSED","syscall":"connect","address":"127.0.0.1","port":9000}],"code":"ECONNREFUSED","level":"warn","timestamp":"2025-07-29T21:47:37.805Z"}
{"level":"info","message":"MongoDB Connected 🚀","timestamp":"2025-07-29T21:47:37.816Z"}
{"level":"info","message":"Testing directory creation and logging","timestamp":"2025-07-29T21:48:37.680Z"}
{"level":"error","message":"Testing error logging with directory","timestamp":"2025-07-29T21:48:37.682Z"}
{"level":"info","message":"Server is running on http://localhost:3001","timestamp":"2025-07-29T21:49:53.467Z"}
{"message":"⚠️ MinIO not available:","stack":"AggregateError\n    at internalConnectMultiple (node:net:1139:18)\n    at afterConnectMultiple (node:net:1712:7)","errors":[{"errno":-61,"code":"ECONNREFUSED","syscall":"connect","address":"::1","port":9000},{"errno":-61,"code":"ECONNREFUSED","syscall":"connect","address":"127.0.0.1","port":9000}],"code":"ECONNREFUSED","level":"warn","timestamp":"2025-07-29T21:49:53.476Z"}
{"level":"info","message":"MongoDB Connected 🚀","timestamp":"2025-07-29T21:49:53.480Z"}
{"message":" error:","stack":"MongoServerError: Command find requires authentication\n    at Connection.sendCommand (/Users/avner-private/Documents/hr-app/apps/server/node_modules/mongodb/src/cmap/connection.ts:548:17)\n    at processTicksAndRejections (node:internal/process/task_queues:105:5)\n    at async Connection.command (/Users/avner-private/Documents/hr-app/apps/server/node_modules/mongodb/src/cmap/connection.ts:622:22)\n    at async Server.command (/Users/avner-private/Documents/hr-app/apps/server/node_modules/mongodb/src/sdam/server.ts:335:21)\n    at async FindOperation.execute (/Users/avner-private/Documents/hr-app/apps/server/node_modules/mongodb/src/operations/find.ts:130:12)\n    at async tryOperation (/Users/avner-private/Documents/hr-app/apps/server/node_modules/mongodb/src/operations/execute_operation.ts:283:14)\n    at async executeOperation (/Users/avner-private/Documents/hr-app/apps/server/node_modules/mongodb/src/operations/execute_operation.ts:115:12)\n    at async FindCursor._initialize (/Users/avner-private/Documents/hr-app/apps/server/node_modules/mongodb/src/cursor/find_cursor.ts:92:22)\n    at async FindCursor.cursorInit (/Users/avner-private/Documents/hr-app/apps/server/node_modules/mongodb/src/cursor/abstract_cursor.ts:942:21)\n    at async FindCursor.fetchBatch (/Users/avner-private/Documents/hr-app/apps/server/node_modules/mongodb/src/cursor/abstract_cursor.ts:980:7)","errorLabelSet":{},"errorResponse":{"ok":0,"errmsg":"Command find requires authentication","code":13,"codeName":"Unauthorized"},"ok":0,"code":13,"codeName":"Unauthorized","level":"error","timestamp":"2025-07-29T21:49:53.497Z"}
{"level":"info","message":"Server is running on http://localhost:3001","timestamp":"2025-07-29T21:50:55.006Z"}
{"message":"⚠️ MinIO not available:","stack":"AggregateError\n    at internalConnectMultiple (node:net:1139:18)\n    at afterConnectMultiple (node:net:1712:7)","errors":[{"errno":-61,"code":"ECONNREFUSED","syscall":"connect","address":"::1","port":9000},{"errno":-61,"code":"ECONNREFUSED","syscall":"connect","address":"127.0.0.1","port":9000}],"code":"ECONNREFUSED","level":"warn","timestamp":"2025-07-29T21:50:55.015Z"}
{"level":"info","message":"MongoDB Connected 🚀","timestamp":"2025-07-29T21:50:55.530Z"}
{"level":"info","message":"Recruitment Form exist! passing on migration","timestamp":"2025-07-29T21:50:55.546Z"}
{"level":"info","message":"Project Management exist! passing on migration","timestamp":"2025-07-29T21:50:55.550Z"}
{"level":"info","message":"🚀 Starting metrics configuration migration...","timestamp":"2025-07-29T21:50:55.550Z"}
{"level":"info","message":"Adding metrics configuration to Project Management form...","timestamp":"2025-07-29T21:50:55.551Z"}
{"level":"info","message":"✅ Successfully added metrics to Project Management form","timestamp":"2025-07-29T21:50:55.561Z"}
{"level":"info","message":"Adding metrics configuration to Personnel form...","timestamp":"2025-07-29T21:50:55.561Z"}
{"level":"info","message":"✅ Successfully added metrics to Personnel form","timestamp":"2025-07-29T21:50:55.565Z"}
{"level":"info","message":"✅ Metrics configuration migration completed successfully!","timestamp":"2025-07-29T21:50:55.565Z"}
{"level":"info","message":"Running migrations","timestamp":"2025-07-29T21:50:55.565Z"}
